<?xml version="1.0" encoding="UTF-8"?>
<!-- Generated by org.testng.reporters.JUnitReportReporter -->
<testsuite skipped="0" hostname="LTIN185248" name="testcases.TestBsnlBillPay" tests="1" failures="0" timestamp="26 Oct 2020 20:06:19 GMT" time="10.153" errors="0">
  <testcase name="bsnl" time="10.153" classname="testcases.TestBsnlBillPay"/>
</testsuite> <!-- testcases.TestBsnlBillPay -->
