<?xml version="1.0" encoding="UTF-8"?>
<!-- Generated by org.testng.reporters.JUnitReportReporter -->
<testsuite skipped="0" hostname="LTIN185248" name="webdriver.BsnlBillPay" tests="1" failures="0" timestamp="19 Jul 2020 08:50:04 GMT" time="6.790" errors="0">
  <testcase name="bsnl" time="6.790" classname="webdriver.BsnlBillPay"/>
</testsuite> <!-- webdriver.BsnlBillPay -->
