<?xml version="1.0" encoding="UTF-8"?>
<!-- Generated by org.testng.reporters.JUnitReportReporter -->
<testsuite skipped="0" hostname="LTIN185248" name="testcases.BsnlBillPay" tests="1" failures="0" timestamp="19 Oct 2020 18:44:56 GMT" time="15.563" errors="0">
  <testcase name="bsnl" time="15.563" classname="testcases.BsnlBillPay"/>
</testsuite> <!-- testcases.BsnlBillPay -->
