<?xml version="1.0" encoding="UTF-8"?>
<!-- Generated by org.testng.reporters.JUnitReportReporter -->
<testsuite skipped="0" hostname="LTIN185248" name="testcases.TC_001" tests="1" failures="0" timestamp="26 Oct 2020 20:21:55 GMT" time="0.514" errors="0">
  <testcase name="bsnl" time="0.514" classname="testcases.TC_001"/>
</testsuite> <!-- testcases.TC_001 -->
